#
# A fatal error has been detected by the Java Runtime Environment:
#
#  SIGSEGV (0xb) at pc=0x0000000103bd35b7, pid=23386, tid=775
#
# JRE version: OpenJDK Runtime Environment (11.0.4+10) (build 11.0.4+10-b520.11)
# Java VM: OpenJDK 64-Bit Server VM (11.0.4+10-b520.11, mixed mode, tiered, compressed oops, g1 gc, bsd-amd64)
# Problematic frame:
# V  [libjvm.dylib+0x3d35b7]  jni_IsSameObject+0x40
#
# No core dump will be written. Core dumps have been disabled. To enable core dumping, try "ulimit -c unlimited" before starting Java again
#
# If you would like to submit a bug report, please visit:
#   http://bugreport.java.com/bugreport/crash.jsp
#

---------------  S U M M A R Y ------------

Command Line: -Dfile.encoding=UTF-8 -Duser.country=GB -Duser.language=en -Duser.variant main.UI

Host: MacBookPro15,2 x86_64 2400 MHz, 8 cores, 8G, Darwin 19.5.0
Time: Wed Jun 10 11:21:59 2020 BST elapsed time: 596 seconds (0d 0h 9m 56s)

---------------  T H R E A D  ---------------

Current thread is native thread

Stack: [0x00007ffeecdb3000,0x00007ffeed5b3000],  sp=0x00007ffeed5aebd0,  free space=8174k
Native frames: (J=compiled Java code, A=aot compiled Java code, j=interpreted, Vv=VM code, C=native code)
V  [libjvm.dylib+0x3d35b7]  jni_IsSameObject+0x40
C  [JavaNativeFoundation+0x6f08]  -[JNFWeakJObjectWrapper _getWithEnv:]+0x1b
C  [JavaNativeFoundation+0x6d4d]  -[JNFJObjectWrapper jObjectWithEnv:]+0x16
C  [libawt_lwawt.dylib+0x246b9]  -[CGLLayer drawInCGLContext:pixelFormat:forLayerTime:displayTime:]+0xa1
C  [QuartzCore+0xc1987]  CAOpenGLLayerDraw(CAOpenGLLayer*, double, CVTimeStamp const*, unsigned int)+0x7a4
C  [QuartzCore+0xc1008]  -[CAOpenGLLayer _display]+0x244
C  [QuartzCore+0x251fd]  CA::Layer::display_if_needed(CA::Transaction*)+0x2f5
C  [QuartzCore+0x34b6]  CA::Context::commit_transaction(CA::Transaction*, double)+0x14e
C  [QuartzCore+0x20a0]  CA::Transaction::commit()+0x284
C  [QuartzCore+0x3e4e1]  CA::Transaction::observer_callback(__CFRunLoopObserver*, unsigned long, void*)+0x45
C  [CoreFoundation+0x833c5]  __CFRUNLOOP_IS_CALLING_OUT_TO_AN_OBSERVER_CALLBACK_FUNCTION__+0x17
C  [CoreFoundation+0x832f7]  __CFRunLoopDoObservers+0x1c9
C  [CoreFoundation+0x829bc]  __CFRunLoopRun+0x491
C  [CoreFoundation+0x81ece]  CFRunLoopRunSpecific+0x1ce
C  [java+0x639d]  CreateExecutionEnvironment+0x190
C  [java+0x251b]  JLI_Launch+0x51f
C  [java+0x14c5]  main+0x175
C  [libdyld.dylib+0x1acc9]  start+0x1


siginfo: si_signo: 11 (SIGSEGV), si_code: 1 (SEGV_MAPERR), si_addr: 0x00000000000003b8

Register to memory mapping:

RAX=
[error occurred during error reporting (printing register info), id 0xb, SIGSEGV (0xb) at pc=0x0000000103ef3238]

Registers:
RAX=0x000000000000dead, RBX=0x0000000000000000, RCX=0x0000000110649dc0, RDX=0x0000000000000000
RSP=0x00007ffeed5aebd0, RBP=0x00007ffeed5aec00, RSI=0x00007f9ecfbf52c9, RDI=0x00007f9ec5a4f000
R8 =0x0000000000000000, R9 =0x0000000000000320, R10=0x00007fff8aac55e8, R11=0x00007fff3719deed
R12=0x00007f9ec5a4f340, R13=0x00007f9ecfbda3f0, R14=0x0000000000000000, R15=0x00007f9ecfbf52c9
RIP=0x0000000103bd35b7, EFLAGS=0x0000000000010246, ERR=0x0000000000000006
  TRAPNO=0x000000000000000e

Top of Stack: (sp=0x00007ffeed5aebd0)
0x00007ffeed5aebd0:   00007f9ececf5ac0 0000000000000000
0x00007ffeed5aebe0:   00007f9ecfbda380 00007f9ecd6a8e00
0x00007ffeed5aebf0:   00007fff6b6cc800 00007f9ecf371570
0x00007ffeed5aec00:   00007ffeed5aec20 00007fff3719df08
0x00007ffeed5aec10:   00007f9ecfbda380 00007f9ec5a4f340
0x00007ffeed5aec20:   00007ffeed5aec40 00007fff3719dd4d
0x00007ffeed5aec30:   00007f9ecfbda380 00007f9ec5a4f340
0x00007ffeed5aec40:   00007ffeed5aeca0 0000000124ed86b9
0x00007ffeed5aec50:   00007f9ecd6a8e00 00007f9ecfbdde40
0x00007ffeed5aec60:   00007f9ecfbda3f0 0000000000000000
0x00007ffeed5aec70:   40fccbb1974b494c 00007fff6b6cc800
0x00007ffeed5aec80:   00007f9ecfbdde40 00007f9ecfbda3f0
0x00007ffeed5aec90:   00007f9ecfbda3f0 00007f9ecb705c50
0x00007ffeed5aeca0:   00007ffeed5aed60 00007fff3e408987
0x00007ffeed5aecb0:   00007f9ecfbda3f0 0000000000000000
0x00007ffeed5aecc0:   0000000000000000 00007f9ecfbda3f0
0x00007ffeed5aecd0:   0000000000000000 00000004ed5aece0
0x00007ffeed5aece0:   00007f9ec700c760 0000000000000000
0x00007ffeed5aecf0:   40fccbb1974b494c 0000000000000000
0x00007ffeed5aed00:   647153e0864c008e 00007f9ecfbda3f0
0x00007ffeed5aed10:   0000000000000004 0000000000000000
0x00007ffeed5aed20:   0000000000000000 00007ffeed5aed40
0x00007ffeed5aed30:   647153e0864c008e 00007fff6b6cc800
0x00007ffeed5aed40:   0000000000000004 0000000000000000
0x00007ffeed5aed50:   00007f9ecfbda3f0 00007fff76b20f12
0x00007ffeed5aed60:   00007ffeed5aede0 00007fff3e408008
0x00007ffeed5aed70:   0000000000000000 4082100000000000
0x00007ffeed5aed80:   4079000000000000 4000000000000000
0x00007ffeed5aed90:   0000000000000000 0000000000000000
0x00007ffeed5aeda0:   4079000000000000 4082100000000000
0x00007ffeed5aedb0:   647153e0864c008e 00007ffeed5aeec0
0x00007ffeed5aedc0:   00007fff76c4bb7c 00007f9ecb405090 

Instructions: (pc=0x0000000103bd35b7)
0x0000000103bd34b7:   8d 9f c0 fc ff ff b8 55 21 ff ff 41 03 87 90 00
0x0000000103bd34c7:   00 00 83 f8 02 72 0a 48 89 df e8 f2 7c 31 00 31
0x0000000103bd34d7:   db 48 89 5d e0 c7 83 b8 03 00 00 05 00 00 00 be
0x0000000103bd34e7:   01 00 00 00 48 89 df e8 1d 30 33 00 48 8d 05 b6
0x0000000103bd34f7:   f7 56 00 83 38 01 75 1a 48 8b 03 48 89 df ff 50
0x0000000103bd3507:   28 84 c0 74 0d 48 8b 83 08 01 00 00 a8 08 74 0e
0x0000000103bd3517:   eb 18 48 8d 05 d0 f4 56 00 83 38 00 75 0c f7 83
0x0000000103bd3527:   d8 00 00 00 00 00 00 30 74 08 48 89 df e8 1f 98
0x0000000103bd3537:   31 00 c7 83 b8 03 00 00 06 00 00 00 4c 89 ff 4c
0x0000000103bd3547:   89 f6 90 0f 1f 40 00 4d 85 f6 74 0b 31 f6 4c 89
0x0000000103bd3557:   f7 ff 15 72 16 51 00 90 0f 1f 40 00 48 8d 7d e0
0x0000000103bd3567:   e8 84 2c 33 00 48 83 c4 08 5b 41 5e 41 5f 5d c3
0x0000000103bd3577:   55 48 89 e5 41 57 41 56 41 54 53 48 83 ec 10 49
0x0000000103bd3587:   89 d6 49 89 f7 49 89 fc 49 8d 9c 24 c0 fc ff ff
0x0000000103bd3597:   b8 55 21 ff ff 41 03 84 24 90 00 00 00 83 f8 02
0x0000000103bd35a7:   72 0a 48 89 df e8 17 7c 31 00 31 db 48 89 5d d8
0x0000000103bd35b7:   c7 83 b8 03 00 00 05 00 00 00 be 01 00 00 00 48
0x0000000103bd35c7:   89 df e8 42 2f 33 00 48 8d 05 db f6 56 00 83 38
0x0000000103bd35d7:   01 75 1a 48 8b 03 48 89 df ff 50 28 84 c0 74 0d
0x0000000103bd35e7:   48 8b 83 08 01 00 00 a8 08 74 0e eb 18 48 8d 05
0x0000000103bd35f7:   f5 f3 56 00 83 38 00 75 0c f7 83 d8 00 00 00 00
0x0000000103bd3607:   00 00 30 74 08 48 89 df e8 44 97 31 00 c7 83 b8
0x0000000103bd3617:   03 00 00 06 00 00 00 4c 89 e7 4c 89 fe 4c 89 f2
0x0000000103bd3627:   90 0f 1f 40 00 4d 85 ff 74 11 4c 89 ff 41 f6 c7
0x0000000103bd3637:   01 75 0d ff 15 70 3a 51 00 eb 0a 45 31 ff eb 08
0x0000000103bd3647:   e8 82 88 03 00 49 89 c7 4d 85 f6 74 11 4c 89 f7
0x0000000103bd3657:   41 f6 c6 01 75 0c ff 15 4d 3a 51 00 eb 09 31 c0
0x0000000103bd3667:   eb 05 e8 60 88 03 00 31 db 49 39 c7 0f 94 c3 48
0x0000000103bd3677:   89 df 90 0f 1f 40 00 48 8d 7d d8 e8 69 2b 33 00
0x0000000103bd3687:   89 d8 48 83 c4 10 5b 41 5c 41 5e 41 5f 5d c3 55
0x0000000103bd3697:   48 89 e5 41 57 41 56 53 48 83 ec 28 49 89 f7 49
0x0000000103bd36a7:   89 fe 49 8d 9e c0 fc ff ff b8 55 21 ff ff 41 03 


Stack slot to memory mapping:
stack at sp + 0 slots: 
[error occurred during error reporting (inspecting top of stack), id 0xb, SIGSEGV (0xb) at pc=0x0000000103ef3238]


---------------  P R O C E S S  ---------------

VM state:not at safepoint (normal execution)

VM Mutex/Monitor currently owned by a thread: None

Heap address: 0x0000000780000000, size: 2048 MB, Compressed Oops mode: Zero based, Oop shift amount: 3
Narrow klass base: 0x0000000800000000, Narrow klass shift: 0
Compressed class space size: 1073741824 Address: 0x0000000800000000

Heap:
 garbage-first heap   total 131072K, used 108399K [0x0000000780000000, 0x0000000800000000)
  region size 1024K, 11 young (11264K), 2 survivors (2048K)
 Metaspace       used 51998K, capacity 54149K, committed 54396K, reserved 1097728K
  class space    used 6185K, capacity 7096K, committed 7116K, reserved 1048576K
Heap Regions: E=young(eden), S=young(survivor), O=old, HS=humongous(starts), HC=humongous(continues), CS=collection set, F=free, A=archive, TAMS=top-at-mark-start (previous, next)
|   0|0x0000000780000000, 0x0000000780100000, 0x0000000780100000|100%| O|  |TAMS 0x0000000780100000, 0x0000000780000000| Untracked 
|   1|0x0000000780100000, 0x0000000780200000, 0x0000000780200000|100%|HS|  |TAMS 0x0000000780200000, 0x0000000780100000| Complete 
|   2|0x0000000780200000, 0x0000000780300000, 0x0000000780300000|100%|HS|  |TAMS 0x0000000780300000, 0x0000000780200000| Complete 
|   3|0x0000000780300000, 0x0000000780400000, 0x0000000780400000|100%|HC|  |TAMS 0x0000000780400000, 0x0000000780300000| Complete 
|   4|0x0000000780400000, 0x0000000780500000, 0x0000000780500000|100%|HC|  |TAMS 0x0000000780500000, 0x0000000780400000| Complete 
|   5|0x0000000780500000, 0x0000000780600000, 0x0000000780600000|100%|HC|  |TAMS 0x0000000780600000, 0x0000000780500000| Complete 
|   6|0x0000000780600000, 0x0000000780700000, 0x0000000780700000|100%|HC|  |TAMS 0x0000000780700000, 0x0000000780600000| Complete 
|   7|0x0000000780700000, 0x0000000780800000, 0x0000000780800000|100%|HC|  |TAMS 0x0000000780800000, 0x0000000780700000| Complete 
|   8|0x0000000780800000, 0x0000000780900000, 0x0000000780900000|100%|HC|  |TAMS 0x0000000780900000, 0x0000000780800000| Complete 
|   9|0x0000000780900000, 0x0000000780a00000, 0x0000000780a00000|100%|HC|  |TAMS 0x0000000780a00000, 0x0000000780900000| Complete 
|  10|0x0000000780a00000, 0x0000000780b00000, 0x0000000780b00000|100%|HC|  |TAMS 0x0000000780b00000, 0x0000000780a00000| Complete 
|  11|0x0000000780b00000, 0x0000000780c00000, 0x0000000780c00000|100%|HC|  |TAMS 0x0000000780c00000, 0x0000000780b00000| Complete 
|  12|0x0000000780c00000, 0x0000000780d00000, 0x0000000780d00000|100%| O|  |TAMS 0x0000000780d00000, 0x0000000780c00000| Untracked 
|  13|0x0000000780d00000, 0x0000000780e00000, 0x0000000780e00000|100%| O|  |TAMS 0x0000000780e00000, 0x0000000780d00000| Untracked 
|  14|0x0000000780e00000, 0x0000000780f00000, 0x0000000780f00000|100%| O|  |TAMS 0x0000000780f00000, 0x0000000780e00000| Untracked 
|  15|0x0000000780f00000, 0x0000000781000000, 0x0000000781000000|100%| O|  |TAMS 0x0000000781000000, 0x0000000780f00000| Untracked 
|  16|0x0000000781000000, 0x0000000781100000, 0x0000000781100000|100%| O|  |TAMS 0x0000000781100000, 0x0000000781000000| Untracked 
|  17|0x0000000781100000, 0x0000000781200000, 0x0000000781200000|100%| O|  |TAMS 0x0000000781200000, 0x0000000781100000| Untracked 
|  18|0x0000000781200000, 0x0000000781300000, 0x0000000781300000|100%| O|  |TAMS 0x0000000781300000, 0x0000000781200000| Untracked 
|  19|0x0000000781300000, 0x0000000781400000, 0x0000000781400000|100%| O|  |TAMS 0x0000000781400000, 0x0000000781300000| Untracked 
|  20|0x0000000781400000, 0x0000000781500000, 0x0000000781500000|100%| O|  |TAMS 0x0000000781500000, 0x0000000781400000| Untracked 
|  21|0x0000000781500000, 0x0000000781600000, 0x0000000781600000|100%| O|  |TAMS 0x0000000781600000, 0x0000000781500000| Untracked 
|  22|0x0000000781600000, 0x0000000781700000, 0x0000000781700000|100%| O|  |TAMS 0x0000000781700000, 0x0000000781600000| Untracked 
|  23|0x0000000781700000, 0x0000000781800000, 0x0000000781800000|100%| O|  |TAMS 0x0000000781800000, 0x0000000781700000| Untracked 
|  24|0x0000000781800000, 0x0000000781900000, 0x0000000781900000|100%| O|  |TAMS 0x0000000781900000, 0x0000000781800000| Untracked 
|  25|0x0000000781900000, 0x0000000781a00000, 0x0000000781a00000|100%|HS|  |TAMS 0x0000000781a00000, 0x0000000781900000| Complete 
|  26|0x0000000781a00000, 0x0000000781b00000, 0x0000000781b00000|100%|HS|  |TAMS 0x0000000781b00000, 0x0000000781a00000| Complete 
|  27|0x0000000781b00000, 0x0000000781c00000, 0x0000000781c00000|100%| O|  |TAMS 0x0000000781c00000, 0x0000000781b00000| Untracked 
|  28|0x0000000781c00000, 0x0000000781d00000, 0x0000000781d00000|100%| O|  |TAMS 0x0000000781d00000, 0x0000000781c00000| Untracked 
|  29|0x0000000781d00000, 0x0000000781e00000, 0x0000000781e00000|100%| O|  |TAMS 0x0000000781e00000, 0x0000000781d00000| Untracked 
|  30|0x0000000781e00000, 0x0000000781f00000, 0x0000000781f00000|100%| O|  |TAMS 0x0000000781f00000, 0x0000000781e00000| Untracked 
|  31|0x0000000781f00000, 0x0000000782000000, 0x0000000782000000|100%|HS|  |TAMS 0x0000000782000000, 0x0000000781f00000| Complete 
|  32|0x0000000782000000, 0x0000000782100000, 0x0000000782100000|100%|HS|  |TAMS 0x0000000782100000, 0x0000000782000000| Complete 
|  33|0x0000000782100000, 0x0000000782200000, 0x0000000782200000|100%| O|  |TAMS 0x0000000782200000, 0x0000000782100000| Untracked 
|  34|0x0000000782200000, 0x0000000782300000, 0x0000000782300000|100%| O|  |TAMS 0x0000000782300000, 0x0000000782200000| Untracked 
|  35|0x0000000782300000, 0x0000000782400000, 0x0000000782400000|100%| O|  |TAMS 0x0000000782400000, 0x0000000782300000| Untracked 
|  36|0x0000000782400000, 0x0000000782500000, 0x0000000782500000|100%| O|  |TAMS 0x0000000782500000, 0x0000000782400000| Untracked 
|  37|0x0000000782500000, 0x0000000782600000, 0x0000000782600000|100%| O|  |TAMS 0x0000000782600000, 0x0000000782500000| Untracked 
|  38|0x0000000782600000, 0x0000000782700000, 0x0000000782700000|100%| O|  |TAMS 0x0000000782700000, 0x0000000782600000| Untracked 
|  39|0x0000000782700000, 0x0000000782800000, 0x0000000782800000|100%| O|  |TAMS 0x0000000782800000, 0x0000000782700000| Untracked 
|  40|0x0000000782800000, 0x0000000782900000, 0x0000000782900000|100%| O|  |TAMS 0x0000000782900000, 0x0000000782800000| Untracked 
|  41|0x0000000782900000, 0x0000000782a00000, 0x0000000782a00000|100%| O|  |TAMS 0x0000000782a00000, 0x0000000782900000| Untracked 
|  42|0x0000000782a00000, 0x0000000782b00000, 0x0000000782b00000|100%| O|  |TAMS 0x0000000782b00000, 0x0000000782a00000| Untracked 
|  43|0x0000000782b00000, 0x0000000782c00000, 0x0000000782c00000|100%| O|  |TAMS 0x0000000782c00000, 0x0000000782b00000| Untracked 
|  44|0x0000000782c00000, 0x0000000782d00000, 0x0000000782d00000|100%|HS|  |TAMS 0x0000000782d00000, 0x0000000782c00000| Complete 
|  45|0x0000000782d00000, 0x0000000782e00000, 0x0000000782e00000|100%|HC|  |TAMS 0x0000000782e00000, 0x0000000782d00000| Complete 
|  46|0x0000000782e00000, 0x0000000782f00000, 0x0000000782f00000|100%|HC|  |TAMS 0x0000000782f00000, 0x0000000782e00000| Complete 
|  47|0x0000000782f00000, 0x0000000783000000, 0x0000000783000000|100%|HC|  |TAMS 0x0000000783000000, 0x0000000782f00000| Complete 
|  48|0x0000000783000000, 0x0000000783100000, 0x0000000783100000|100%|HS|  |TAMS 0x0000000783100000, 0x0000000783000000| Complete 
|  49|0x0000000783100000, 0x0000000783200000, 0x0000000783200000|100%|HC|  |TAMS 0x0000000783200000, 0x0000000783100000| Complete 
|  50|0x0000000783200000, 0x0000000783300000, 0x0000000783300000|100%|HC|  |TAMS 0x0000000783300000, 0x0000000783200000| Complete 
|  51|0x0000000783300000, 0x0000000783400000, 0x0000000783400000|100%|HC|  |TAMS 0x0000000783400000, 0x0000000783300000| Complete 
|  52|0x0000000783400000, 0x0000000783500000, 0x0000000783500000|100%| O|  |TAMS 0x0000000783500000, 0x0000000783400000| Untracked 
|  53|0x0000000783500000, 0x0000000783600000, 0x0000000783600000|100%| O|  |TAMS 0x0000000783600000, 0x0000000783500000| Untracked 
|  54|0x0000000783600000, 0x0000000783700000, 0x0000000783700000|100%| O|  |TAMS 0x0000000783700000, 0x0000000783600000| Untracked 
|  55|0x0000000783700000, 0x0000000783800000, 0x0000000783800000|100%| O|  |TAMS 0x0000000783800000, 0x0000000783700000| Untracked 
|  56|0x0000000783800000, 0x0000000783900000, 0x0000000783900000|100%| O|  |TAMS 0x0000000783900000, 0x0000000783800000| Untracked 
|  57|0x0000000783900000, 0x0000000783a00000, 0x0000000783a00000|100%| O|  |TAMS 0x0000000783a00000, 0x0000000783900000| Untracked 
|  58|0x0000000783a00000, 0x0000000783b00000, 0x0000000783b00000|100%| O|  |TAMS 0x0000000783b00000, 0x0000000783a00000| Untracked 
|  59|0x0000000783b00000, 0x0000000783c00000, 0x0000000783c00000|100%| O|  |TAMS 0x0000000783c00000, 0x0000000783b00000| Untracked 
|  60|0x0000000783c00000, 0x0000000783d00000, 0x0000000783d00000|100%| O|  |TAMS 0x0000000783d00000, 0x0000000783c00000| Untracked 
|  61|0x0000000783d00000, 0x0000000783e00000, 0x0000000783e00000|100%| O|  |TAMS 0x0000000783e00000, 0x0000000783d00000| Untracked 
|  62|0x0000000783e00000, 0x0000000783f00000, 0x0000000783f00000|100%| O|  |TAMS 0x0000000783f00000, 0x0000000783e00000| Untracked 
|  63|0x0000000783f00000, 0x0000000784000000, 0x0000000784000000|100%| O|  |TAMS 0x0000000784000000, 0x0000000783f00000| Untracked 
|  64|0x0000000784000000, 0x0000000784100000, 0x0000000784100000|100%| O|  |TAMS 0x0000000784100000, 0x0000000784000000| Untracked 
|  65|0x0000000784100000, 0x0000000784200000, 0x0000000784200000|100%| O|  |TAMS 0x0000000784200000, 0x0000000784100000| Untracked 
|  66|0x0000000784200000, 0x0000000784300000, 0x0000000784300000|100%| O|  |TAMS 0x0000000784300000, 0x0000000784200000| Untracked 
|  67|0x0000000784300000, 0x0000000784400000, 0x0000000784400000|100%| O|  |TAMS 0x0000000784400000, 0x0000000784300000| Untracked 
|  68|0x0000000784400000, 0x0000000784500000, 0x0000000784500000|100%| O|  |TAMS 0x0000000784500000, 0x0000000784400000| Untracked 
|  69|0x0000000784500000, 0x0000000784600000, 0x0000000784600000|100%| O|  |TAMS 0x0000000784600000, 0x0000000784500000| Untracked 
|  70|0x0000000784600000, 0x0000000784700000, 0x0000000784700000|100%| O|  |TAMS 0x0000000784700000, 0x0000000784600000| Untracked 
|  71|0x0000000784700000, 0x0000000784800000, 0x0000000784800000|100%| O|  |TAMS 0x0000000784800000, 0x0000000784700000| Untracked 
|  72|0x0000000784800000, 0x00000007848dbe00, 0x0000000784900000| 85%| O|  |TAMS 0x0000000784800000, 0x0000000784800000| Untracked 
|  73|0x0000000784900000, 0x0000000784900000, 0x0000000784a00000|  0%| F|  |TAMS 0x0000000784900000, 0x0000000784900000| Untracked 
|  74|0x0000000784a00000, 0x0000000784a00000, 0x0000000784b00000|  0%| F|  |TAMS 0x0000000784a00000, 0x0000000784a00000| Untracked 
|  75|0x0000000784b00000, 0x0000000784c00000, 0x0000000784c00000|100%| O|  |TAMS 0x0000000784c00000, 0x0000000784b00000| Untracked 
|  76|0x0000000784c00000, 0x0000000784d00000, 0x0000000784d00000|100%| O|  |TAMS 0x0000000784d00000, 0x0000000784c00000| Untracked 
|  77|0x0000000784d00000, 0x0000000784e00000, 0x0000000784e00000|100%| O|  |TAMS 0x0000000784e00000, 0x0000000784d00000| Untracked 
|  78|0x0000000784e00000, 0x0000000784f00000, 0x0000000784f00000|100%| O|  |TAMS 0x0000000784f00000, 0x0000000784e00000| Untracked 
|  79|0x0000000784f00000, 0x0000000784f00000, 0x0000000785000000|  0%| F|  |TAMS 0x0000000784f00000, 0x0000000784f00000| Untracked 
|  80|0x0000000785000000, 0x0000000785100000, 0x0000000785100000|100%| O|  |TAMS 0x0000000785100000, 0x0000000785000000| Untracked 
|  81|0x0000000785100000, 0x0000000785200000, 0x0000000785200000|100%| O|  |TAMS 0x0000000785200000, 0x0000000785100000| Untracked 
|  82|0x0000000785200000, 0x0000000785300000, 0x0000000785300000|100%| O|  |TAMS 0x0000000785300000, 0x0000000785200000| Untracked 
|  83|0x0000000785300000, 0x0000000785300000, 0x0000000785400000|  0%| F|  |TAMS 0x0000000785300000, 0x0000000785300000| Untracked 
|  84|0x0000000785400000, 0x0000000785400000, 0x0000000785500000|  0%| F|  |TAMS 0x0000000785400000, 0x0000000785400000| Untracked 
|  85|0x0000000785500000, 0x0000000785600000, 0x0000000785600000|100%| O|  |TAMS 0x0000000785600000, 0x0000000785500000| Untracked 
|  86|0x0000000785600000, 0x0000000785700000, 0x0000000785700000|100%| O|  |TAMS 0x0000000785700000, 0x0000000785600000| Untracked 
|  87|0x0000000785700000, 0x0000000785800000, 0x0000000785800000|100%| O|  |TAMS 0x0000000785800000, 0x0000000785700000| Untracked 
|  88|0x0000000785800000, 0x0000000785900000, 0x0000000785900000|100%| O|  |TAMS 0x0000000785900000, 0x0000000785800000| Untracked 
|  89|0x0000000785900000, 0x0000000785a00000, 0x0000000785a00000|100%| O|  |TAMS 0x0000000785a00000, 0x0000000785900000| Untracked 
|  90|0x0000000785a00000, 0x0000000785b00000, 0x0000000785b00000|100%| O|  |TAMS 0x0000000785b00000, 0x0000000785a00000| Untracked 
|  91|0x0000000785b00000, 0x0000000785c00000, 0x0000000785c00000|100%| O|  |TAMS 0x0000000785c00000, 0x0000000785b00000| Untracked 
|  92|0x0000000785c00000, 0x0000000785d00000, 0x0000000785d00000|100%| O|  |TAMS 0x0000000785d00000, 0x0000000785c00000| Untracked 
|  93|0x0000000785d00000, 0x0000000785e00000, 0x0000000785e00000|100%| O|  |TAMS 0x0000000785e00000, 0x0000000785d00000| Untracked 
|  94|0x0000000785e00000, 0x0000000785e00000, 0x0000000785f00000|  0%| F|  |TAMS 0x0000000785e00000, 0x0000000785e00000| Untracked 
|  95|0x0000000785f00000, 0x0000000786000000, 0x0000000786000000|100%| O|  |TAMS 0x0000000786000000, 0x0000000785f00000| Untracked 
|  96|0x0000000786000000, 0x0000000786100000, 0x0000000786100000|100%| O|  |TAMS 0x0000000786100000, 0x0000000786000000| Untracked 
|  97|0x0000000786100000, 0x0000000786200000, 0x0000000786200000|100%| O|  |TAMS 0x0000000786200000, 0x0000000786100000| Untracked 
|  98|0x0000000786200000, 0x0000000786300000, 0x0000000786300000|100%| O|  |TAMS 0x0000000786300000, 0x0000000786200000| Untracked 
|  99|0x0000000786300000, 0x0000000786400000, 0x0000000786400000|100%| O|  |TAMS 0x0000000786367200, 0x0000000786300000| Untracked 
| 100|0x0000000786400000, 0x0000000786400000, 0x0000000786500000|  0%| F|  |TAMS 0x0000000786400000, 0x0000000786400000| Untracked 
| 101|0x0000000786500000, 0x0000000786500000, 0x0000000786600000|  0%| F|  |TAMS 0x0000000786500000, 0x0000000786500000| Untracked 
| 102|0x0000000786600000, 0x0000000786600000, 0x0000000786700000|  0%| F|  |TAMS 0x0000000786600000, 0x0000000786600000| Untracked 
| 103|0x0000000786700000, 0x0000000786700000, 0x0000000786800000|  0%| F|  |TAMS 0x0000000786700000, 0x0000000786700000| Untracked 
| 104|0x0000000786800000, 0x0000000786800000, 0x0000000786900000|  0%| F|  |TAMS 0x0000000786800000, 0x0000000786800000| Untracked 
| 105|0x0000000786900000, 0x0000000786a00000, 0x0000000786a00000|100%| O|  |TAMS 0x0000000786a00000, 0x0000000786900000| Untracked 
| 106|0x0000000786a00000, 0x0000000786b00000, 0x0000000786b00000|100%| O|  |TAMS 0x0000000786b00000, 0x0000000786a00000| Untracked 
| 107|0x0000000786b00000, 0x0000000786b00000, 0x0000000786c00000|  0%| F|  |TAMS 0x0000000786b00000, 0x0000000786b00000| Untracked 
| 108|0x0000000786c00000, 0x0000000786c00000, 0x0000000786d00000|  0%| F|  |TAMS 0x0000000786c00000, 0x0000000786c00000| Untracked 
| 109|0x0000000786d00000, 0x0000000786d00000, 0x0000000786e00000|  0%| F|  |TAMS 0x0000000786d00000, 0x0000000786d00000| Untracked 
| 110|0x0000000786e00000, 0x0000000786e00000, 0x0000000786f00000|  0%| F|  |TAMS 0x0000000786e00000, 0x0000000786e00000| Untracked 
| 111|0x0000000786f00000, 0x0000000786f00000, 0x0000000787000000|  0%| F|  |TAMS 0x0000000786f00000, 0x0000000786f00000| Untracked 
| 112|0x0000000787000000, 0x0000000787000000, 0x0000000787100000|  0%| F|  |TAMS 0x0000000787000000, 0x0000000787000000| Untracked 
| 113|0x0000000787100000, 0x0000000787100000, 0x0000000787200000|  0%| F|  |TAMS 0x0000000787100000, 0x0000000787100000| Untracked 
| 114|0x0000000787200000, 0x0000000787200000, 0x0000000787300000|  0%| F|  |TAMS 0x0000000787200000, 0x0000000787200000| Untracked 
| 115|0x0000000787300000, 0x0000000787400000, 0x0000000787400000|100%| S|CS|TAMS 0x0000000787300000, 0x0000000787300000| Complete 
| 116|0x0000000787400000, 0x0000000787400000, 0x0000000787500000|  0%| F|  |TAMS 0x0000000787400000, 0x0000000787400000| Untracked 
| 117|0x0000000787500000, 0x0000000787500000, 0x0000000787600000|  0%| F|  |TAMS 0x0000000787500000, 0x0000000787500000| Untracked 
| 118|0x0000000787600000, 0x0000000787700000, 0x0000000787700000|100%| S|CS|TAMS 0x0000000787600000, 0x0000000787600000| Complete 
| 119|0x0000000787700000, 0x00000007877de240, 0x0000000787800000| 86%| E|  |TAMS 0x0000000787700000, 0x0000000787700000| Complete 
| 120|0x0000000787800000, 0x0000000787900000, 0x0000000787900000|100%| E|CS|TAMS 0x0000000787800000, 0x0000000787800000| Complete 
| 121|0x0000000787900000, 0x0000000787a00000, 0x0000000787a00000|100%| E|CS|TAMS 0x0000000787900000, 0x0000000787900000| Complete 
| 122|0x0000000787a00000, 0x0000000787b00000, 0x0000000787b00000|100%| E|CS|TAMS 0x0000000787a00000, 0x0000000787a00000| Complete 
| 123|0x0000000787b00000, 0x0000000787c00000, 0x0000000787c00000|100%| E|CS|TAMS 0x0000000787b00000, 0x0000000787b00000| Complete 
| 124|0x0000000787c00000, 0x0000000787d00000, 0x0000000787d00000|100%| E|CS|TAMS 0x0000000787c00000, 0x0000000787c00000| Complete 
| 125|0x0000000787d00000, 0x0000000787e00000, 0x0000000787e00000|100%| E|CS|TAMS 0x0000000787d00000, 0x0000000787d00000| Complete 
| 126|0x0000000787e00000, 0x0000000787f00000, 0x0000000787f00000|100%| E|CS|TAMS 0x0000000787e00000, 0x0000000787e00000| Complete 
| 127|0x0000000787f00000, 0x0000000788000000, 0x0000000788000000|100%| E|CS|TAMS 0x0000000787f00000, 0x0000000787f00000| Complete 

Card table byte_map: [0x00000001089a2000,0x0000000108da2000] _byte_map_base: 0x0000000104da2000

Marking Bits (Prev, Next): (CMBitMap*) 0x00007f9ec882d050, (CMBitMap*) 0x00007f9ec882d018
 Prev Bits: [0x000000010b1a2000, 0x000000010d1a2000)
 Next Bits: [0x00000001091a2000, 0x000000010b1a2000)

Polling page: 0x00000001026c1000

Metaspace:

Usage:
  Non-class:     45.95 MB capacity,    44.74 MB ( 97%) used,   991.63 KB (  2%) free+waste,   247.94 KB ( <1%) overhead. 
      Class:      6.93 MB capacity,     6.04 MB ( 87%) used,   788.71 KB ( 11%) free+waste,   122.25 KB (  2%) overhead. 
       Both:     52.88 MB capacity,    50.78 MB ( 96%) used,     1.74 MB (  3%) free+waste,   370.19 KB ( <1%) overhead. 

Virtual space:
  Non-class space:       48.00 MB reserved,      46.17 MB ( 96%) committed 
      Class space:        1.00 GB reserved,       6.95 MB ( <1%) committed 
             Both:        1.05 GB reserved,      53.12 MB (  5%) committed 

Chunk freelists:
   Non-Class:  47.00 KB
       Class:  8.00 KB
        Both:  55.00 KB

CodeHeap 'non-profiled nmethods': size=120032Kb used=7317Kb max_used=7317Kb free=112714Kb
 bounds [0x000000011814c000, 0x000000011887c000, 0x000000011f684000]
CodeHeap 'profiled nmethods': size=120028Kb used=18244Kb max_used=18836Kb free=101783Kb
 bounds [0x0000000110c15000, 0x0000000111ef5000, 0x000000011814c000]
CodeHeap 'non-nmethods': size=5700Kb used=1548Kb max_used=1563Kb free=4152Kb
 bounds [0x0000000110684000, 0x00000001108f4000, 0x0000000110c15000]
 total_blobs=15678 nmethods=9092 adapters=995
 compilation: enabled
              stopped_count=0, restarted_count=0
 full_count=0

Compilation events (10 events):
Event: 596.101 Thread 0x00007f9ec688c800 11149       3       java.awt.geom.AffineTransform::transform (635 bytes)
Event: 596.102 Thread 0x00007f9ec688c800 nmethod 11149 0x00000001117d4c90 code [0x00000001117d4f60, 0x00000001117d61e8]
Event: 596.102 Thread 0x00007f9ec688c800 11150  s    3       sun.java2d.opengl.OGLRenderQueue::getInstance (20 bytes)
Event: 596.104 Thread 0x00007f9ec688c800 nmethod 11150 0x00000001117c8b10 code [0x00000001117c8da0, 0x00000001117c9cb8]
Event: 596.104 Thread 0x00007f9ec688c800 11152       1       java.awt.AlphaComposite::getRule (5 bytes)
Event: 596.105 Thread 0x00007f9ec688c800 nmethod 11152 0x0000000118870e90 code [0x0000000118871040, 0x0000000118871150]
Event: 596.105 Thread 0x00007f9ec688c800 11153       1       java.awt.AlphaComposite::getAlpha (5 bytes)
Event: 596.105 Thread 0x00007f9ec688c800 nmethod 11153 0x0000000118871190 code [0x0000000118871340, 0x0000000118871450]
Event: 596.105 Thread 0x00007f9ec688c800 11151       1       java.awt.Image::getAccelerationPriority (5 bytes)
Event: 596.105 Thread 0x00007f9ec688c800 nmethod 11151 0x0000000118871490 code [0x0000000118871640, 0x0000000118871750]

GC Heap History (10 events):
Event: 360.724 GC heap before
{Heap before GC invocations=45 (full 0):
 garbage-first heap   total 131072K, used 111880K [0x0000000780000000, 0x0000000800000000)
  region size 1024K, 8 young (8192K), 2 survivors (2048K)
 Metaspace       used 44954K, capacity 46875K, committed 46972K, reserved 1089536K
  class space    used 5308K, capacity 6064K, committed 6092K, reserved 1048576K
}
Event: 360.729 GC heap after
{Heap after GC invocations=46 (full 0):
 garbage-first heap   total 131072K, used 106577K [0x0000000780000000, 0x0000000800000000)
  region size 1024K, 1 young (1024K), 1 survivors (1024K)
 Metaspace       used 44954K, capacity 46875K, committed 46972K, reserved 1089536K
  class space    used 5308K, capacity 6064K, committed 6092K, reserved 1048576K
}
Event: 524.597 GC heap before
{Heap before GC invocations=47 (full 0):
 garbage-first heap   total 131072K, used 111697K [0x0000000780000000, 0x0000000800000000)
  region size 1024K, 6 young (6144K), 1 survivors (1024K)
 Metaspace       used 44986K, capacity 46971K, committed 47356K, reserved 1091584K
  class space    used 5313K, capacity 6096K, committed 6220K, reserved 1048576K
}
Event: 524.602 GC heap after
{Heap after GC invocations=48 (full 0):
 garbage-first heap   total 131072K, used 106565K [0x0000000780000000, 0x0000000800000000)
  region size 1024K, 1 young (1024K), 1 survivors (1024K)
 Metaspace       used 44986K, capacity 46971K, committed 47356K, reserved 1091584K
  class space    used 5313K, capacity 6096K, committed 6220K, reserved 1048576K
}
Event: 549.572 GC heap before
{Heap before GC invocations=48 (full 0):
 garbage-first heap   total 131072K, used 111685K [0x0000000780000000, 0x0000000800000000)
  region size 1024K, 6 young (6144K), 1 survivors (1024K)
 Metaspace       used 45019K, capacity 46983K, committed 47356K, reserved 1091584K
  class space    used 5317K, capacity 6100K, committed 6220K, reserved 1048576K
}
Event: 549.594 GC heap after
{Heap after GC invocations=49 (full 0):
 garbage-first heap   total 131072K, used 96803K [0x0000000780000000, 0x0000000800000000)
  region size 1024K, 1 young (1024K), 1 survivors (1024K)
 Metaspace       used 45019K, capacity 46983K, committed 47356K, reserved 1091584K
  class space    used 5317K, capacity 6100K, committed 6220K, reserved 1048576K
}
Event: 569.451 GC heap before
{Heap before GC invocations=49 (full 0):
 garbage-first heap   total 131072K, used 106019K [0x0000000780000000, 0x0000000800000000)
  region size 1024K, 10 young (10240K), 1 survivors (1024K)
 Metaspace       used 45066K, capacity 46984K, committed 47356K, reserved 1091584K
  class space    used 5319K, capacity 6100K, committed 6220K, reserved 1048576K
}
Event: 569.460 GC heap after
{Heap after GC invocations=50 (full 0):
 garbage-first heap   total 131072K, used 98141K [0x0000000780000000, 0x0000000800000000)
  region size 1024K, 2 young (2048K), 2 survivors (2048K)
 Metaspace       used 45066K, capacity 46984K, committed 47356K, reserved 1091584K
  class space    used 5319K, capacity 6100K, committed 6220K, reserved 1048576K
}
Event: 575.266 GC heap before
{Heap before GC invocations=51 (full 0):
 garbage-first heap   total 131072K, used 107357K [0x0000000780000000, 0x0000000800000000)
  region size 1024K, 11 young (11264K), 2 survivors (2048K)
 Metaspace       used 46658K, capacity 48637K, committed 48764K, reserved 1091584K
  class space    used 5486K, capacity 6313K, committed 6348K, reserved 1048576K
}
Event: 575.273 GC heap after
{Heap after GC invocations=52 (full 0):
 garbage-first heap   total 131072K, used 100207K [0x0000000780000000, 0x0000000800000000)
  region size 1024K, 2 young (2048K), 2 survivors (2048K)
 Metaspace       used 46658K, capacity 48637K, committed 48764K, reserved 1091584K
  class space    used 5486K, capacity 6313K, committed 6348K, reserved 1048576K
}

Deoptimization events (10 events):
Event: 581.968 Thread 0x00007f9ec5a4f000 DEOPT PACKING pc=0x000000011872cbcc sp=0x00007ffeed5aca40
Event: 581.968 Thread 0x00007f9ec5a4f000 DEOPT UNPACKING pc=0x00000001106ac9a5 sp=0x00007ffeed5ac9f8 mode 2
Event: 587.774 Thread 0x00007f9ec5a4f000 Uncommon trap: trap_request=0xffffff4d fr.pc=0x0000000118432ee4 relative=0x0000000000000224
Event: 587.774 Thread 0x00007f9ec5a4f000 Uncommon trap: reason=unstable_if action=reinterpret pc=0x0000000118432ee4 method=java.util.concurrent.locks.ReentrantLock$Sync.nonfairTryAcquire(I)Z @ 19 c2
Event: 587.774 Thread 0x00007f9ec5a4f000 DEOPT PACKING pc=0x0000000118432ee4 sp=0x00007ffeed5aedd0
Event: 587.774 Thread 0x00007f9ec5a4f000 DEOPT UNPACKING pc=0x00000001106ac9a5 sp=0x00007ffeed5aed00 mode 2
Event: 596.105 Thread 0x00007f9ec5a6f800 Uncommon trap: trap_request=0xffffff4d fr.pc=0x0000000118866dcc relative=0x0000000000000e4c
Event: 596.105 Thread 0x00007f9ec5a6f800 Uncommon trap: reason=unstable_if action=reinterpret pc=0x0000000118866dcc method=java.security.AccessControlContext.optimize()Ljava/security/AccessControlContext; @ 49 c2
Event: 596.105 Thread 0x00007f9ec5a6f800 DEOPT PACKING pc=0x0000000118866dcc sp=0x0000700001a74860
Event: 596.105 Thread 0x00007f9ec5a6f800 DEOPT UNPACKING pc=0x00000001106ac9a5 sp=0x0000700001a74830 mode 2

Classes redefined (0 events):
No events

Internal exceptions (10 events):
Event: 581.358 Thread 0x00007f9ec5b55800 Exception <a 'java/lang/NullPointerException'{0x0000000787bb8da0}> (0x0000000787bb8da0) thrown at [/opt/buildAgent/work/5ff2f6c26000d570/src/hotspot/share/interpreter/linkResolver.cpp, line 1358]
Event: 581.358 Thread 0x00007f9ec5b55800 Exception <a 'java/lang/NullPointerException'{0x0000000787bb8da0}> (0x0000000787bb8da0) thrown at [/opt/buildAgent/work/5ff2f6c26000d570/src/hotspot/share/prims/jvm.cpp, line 1304]
Event: 581.358 Thread 0x00007f9ec5b55800 Exception <a 'java/lang/NullPointerException'{0x0000000787bb8da0}> (0x0000000787bb8da0) thrown at [/opt/buildAgent/work/5ff2f6c26000d570/src/hotspot/share/prims/jvm.cpp, line 1304]
Event: 581.612 Thread 0x00007f9ec5b55800 Exception <a 'java/lang/NullPointerException'{0x0000000787be2600}> (0x0000000787be2600) thrown at [/opt/buildAgent/work/5ff2f6c26000d570/src/hotspot/share/interpreter/linkResolver.cpp, line 1358]
Event: 581.613 Thread 0x00007f9ec5b55800 Exception <a 'java/lang/NullPointerException'{0x0000000787be2600}> (0x0000000787be2600) thrown at [/opt/buildAgent/work/5ff2f6c26000d570/src/hotspot/share/prims/jvm.cpp, line 1304]
Event: 581.613 Thread 0x00007f9ec5b55800 Exception <a 'java/lang/NullPointerException'{0x0000000787be2600}> (0x0000000787be2600) thrown at [/opt/buildAgent/work/5ff2f6c26000d570/src/hotspot/share/prims/jvm.cpp, line 1304]
Event: 589.890 Thread 0x00007f9ec5b55800 Exception <a 'java/lang/NullPointerException'{0x0000000787abb348}> (0x0000000787abb348) thrown at [/opt/buildAgent/work/5ff2f6c26000d570/src/hotspot/share/interpreter/linkResolver.cpp, line 1358]
Event: 589.890 Thread 0x00007f9ec5b55800 Exception <a 'java/lang/NullPointerException'{0x0000000787abb348}> (0x0000000787abb348) thrown at [/opt/buildAgent/work/5ff2f6c26000d570/src/hotspot/share/prims/jvm.cpp, line 1304]
Event: 589.890 Thread 0x00007f9ec5b55800 Exception <a 'java/lang/NullPointerException'{0x0000000787abb348}> (0x0000000787abb348) thrown at [/opt/buildAgent/work/5ff2f6c26000d570/src/hotspot/share/prims/jvm.cpp, line 1304]
Event: 596.105 Thread 0x00007f9ec5a6f800 Implicit null exception at 0x000000011886635f to 0x0000000118866db6

Events (10 events):
Event: 596.103 loading class com/sun/javafx/tk/quantum/QuantumToolkit done
Event: 596.104 Executing VM operation: RevokeBias
Event: 596.104 Executing VM operation: RevokeBias done
Event: 596.104 Thread 0x00007f9ec6816000 Thread exited: 0x00007f9ec6816000
Event: 596.104 Executing VM operation: RevokeBias
Event: 596.105 Executing VM operation: RevokeBias done
Event: 596.105 Thread 0x00007f9ec5a6f800 Thread exited: 0x00007f9ec5a6f800
Event: 596.105 Thread 0x00007f9ec8808800 Thread exited: 0x00007f9ec8808800
Event: 596.105 Thread 0x00007f9ec5a6f800 Thread added: 0x00007f9ec5a6f800
Event: 596.106 Thread 0x00007f9ec5a4f000 Thread exited: 0x00007f9ec5a4f000


Dynamic libraries:
0x00007fff31962000 	/System/Library/Frameworks/Cocoa.framework/Versions/A/Cocoa
0x00007fff3f14a000 	/System/Library/Frameworks/Security.framework/Versions/A/Security
0x00007fff308c9000 	/System/Library/Frameworks/ApplicationServices.framework/Versions/A/ApplicationServices
0x00007fff6bda2000 	/usr/lib/libz.1.dylib
0x00007fff69866000 	/usr/lib/libSystem.B.dylib
0x00007fff32802000 	/System/Library/Frameworks/CoreFoundation.framework/Versions/A/CoreFoundation
0x00007fff34ebc000 	/System/Library/Frameworks/Foundation.framework/Versions/C/Foundation
0x00007fff6b6c6000 	/usr/lib/libobjc.A.dylib
0x00007fff2fab9000 	/System/Library/Frameworks/AppKit.framework/Versions/C/AppKit
0x00007fff322e6000 	/System/Library/Frameworks/CoreData.framework/Versions/A/CoreData
0x00007fff63881000 	/System/Library/PrivateFrameworks/UIFoundation.framework/Versions/A/UIFoundation
0x00007fff5e925000 	/System/Library/PrivateFrameworks/RemoteViewServices.framework/Versions/A/RemoteViewServices
0x00007fff663d6000 	/System/Library/PrivateFrameworks/XCTTargetBootstrap.framework/Versions/A/XCTTargetBootstrap
0x00007fff326d1000 	/System/Library/Frameworks/CoreDisplay.framework/Versions/A/CoreDisplay
0x00007fff37d77000 	/System/Library/Frameworks/Metal.framework/Versions/A/Metal
0x00007fff4c931000 	/System/Library/PrivateFrameworks/DesktopServicesPriv.framework/Versions/A/DesktopServicesPriv
0x00007fff6a9a1000 	/usr/lib/liblangid.dylib
0x00007fff4bbc9000 	/System/Library/PrivateFrameworks/CoreSVG.framework/Versions/A/CoreSVG
0x00007fff61a7e000 	/System/Library/PrivateFrameworks/SkyLight.framework/Versions/A/SkyLight
0x00007fff32c83000 	/System/Library/Frameworks/CoreGraphics.framework/Versions/A/CoreGraphics
0x00007fff2e48d000 	/System/Library/Frameworks/Accelerate.framework/Versions/A/Accelerate
0x00007fff6bc93000 	/usr/lib/libxml2.2.dylib
0x00007fff578be000 	/System/Library/PrivateFrameworks/IconServices.framework/Versions/A/IconServices
0x00007fff3569b000 	/System/Library/Frameworks/IOSurface.framework/Versions/A/IOSurface
0x00007fff69390000 	/usr/lib/libDiagnosticMessagesClient.dylib
0x00007fff4c78b000 	/System/Library/PrivateFrameworks/DFRFoundation.framework/Versions/A/DFRFoundation
0x00007fff6a730000 	/usr/lib/libicucore.A.dylib
0x00007fff30bfb000 	/System/Library/Frameworks/AudioToolbox.framework/Versions/A/AudioToolbox
0x00007fff30cde000 	/System/Library/Frameworks/AudioUnit.framework/Versions/A/AudioUnit
0x00007fff69a68000 	/usr/lib/libauto.dylib
0x00007fff4c82d000 	/System/Library/PrivateFrameworks/DataDetectorsCore.framework/Versions/A/DataDetectorsCore
0x00007fff31483000 	/System/Library/Frameworks/Carbon.framework/Versions/A/Frameworks/HIToolbox.framework/Versions/A/HIToolbox
0x00007fff3e347000 	/System/Library/Frameworks/QuartzCore.framework/Versions/A/QuartzCore
0x00007fff317c2000 	/System/Library/Frameworks/Carbon.framework/Versions/A/Frameworks/SpeechRecognition.framework/Versions/A/SpeechRecognition
0x00007fff4c2a2000 	/System/Library/PrivateFrameworks/CoreUI.framework/Versions/A/CoreUI
0x00007fff31d51000 	/System/Library/Frameworks/CoreAudio.framework/Versions/A/CoreAudio
0x00007fff34b7d000 	/System/Library/Frameworks/DiskArbitration.framework/Versions/A/DiskArbitration
0x00007fff5990c000 	/System/Library/PrivateFrameworks/MultitouchSupport.framework/Versions/A/MultitouchSupport
0x00007fff6a5f7000 	/usr/lib/libenergytrace.dylib
0x00007fff355f5000 	/System/Library/Frameworks/IOKit.framework/Versions/A/IOKit
0x00007fff33be9000 	/System/Library/Frameworks/CoreServices.framework/Versions/A/CoreServices
0x00007fff5babb000 	/System/Library/PrivateFrameworks/PerformanceAnalysis.framework/Versions/A/PerformanceAnalysis
0x00007fff3d37a000 	/System/Library/Frameworks/OpenGL.framework/Versions/A/OpenGL
0x00007fff31970000 	/System/Library/Frameworks/ColorSync.framework/Versions/A/ColorSync
0x00007fff33305000 	/System/Library/Frameworks/CoreImage.framework/Versions/A/CoreImage
0x00007fff3465c000 	/System/Library/Frameworks/CoreText.framework/Versions/A/CoreText
0x00007fff3572b000 	/System/Library/Frameworks/ImageIO.framework/Versions/A/ImageIO
0x00007fff69b4c000 	/usr/lib/libc++.1.dylib
0x00007fff69bc8000 	/usr/lib/libcompression.dylib
0x00007fff696d4000 	/usr/lib/libMobileGestalt.dylib
0x00007fff635f6000 	/System/Library/PrivateFrameworks/TextureIO.framework/Versions/A/TextureIO
0x00007fff699cb000 	/usr/lib/libate.dylib
0x00007fff57ac7000 	/System/Library/PrivateFrameworks/InternationalSupport.framework/Versions/A/InternationalSupport
0x00007fff6c662000 	/usr/lib/system/libcache.dylib
0x00007fff6c668000 	/usr/lib/system/libcommonCrypto.dylib
0x00007fff6c674000 	/usr/lib/system/libcompiler_rt.dylib
0x00007fff6c67c000 	/usr/lib/system/libcopyfile.dylib
0x00007fff6c686000 	/usr/lib/system/libcorecrypto.dylib
0x00007fff6c825000 	/usr/lib/system/libdispatch.dylib
0x00007fff6c866000 	/usr/lib/system/libdyld.dylib
0x00007fff6c89d000 	/usr/lib/system/libkeymgr.dylib
0x00007fff6c8ab000 	/usr/lib/system/liblaunch.dylib
0x00007fff6c8ac000 	/usr/lib/system/libmacho.dylib
0x00007fff6c8b2000 	/usr/lib/system/libquarantine.dylib
0x00007fff6c8b5000 	/usr/lib/system/libremovefile.dylib
0x00007fff6c8b7000 	/usr/lib/system/libsystem_asl.dylib
0x00007fff6c8cf000 	/usr/lib/system/libsystem_blocks.dylib
0x00007fff6c8d0000 	/usr/lib/system/libsystem_c.dylib
0x00007fff6c958000 	/usr/lib/system/libsystem_configuration.dylib
0x00007fff6c95c000 	/usr/lib/system/libsystem_coreservices.dylib
0x00007fff6c960000 	/usr/lib/system/libsystem_darwin.dylib
0x00007fff6c969000 	/usr/lib/system/libsystem_dnssd.dylib
0x00007fff6c971000 	/usr/lib/system/libsystem_featureflags.dylib
0x00007fff6c973000 	/usr/lib/system/libsystem_info.dylib
0x00007fff6c9ee000 	/usr/lib/system/libsystem_m.dylib
0x00007fff6ca36000 	/usr/lib/system/libsystem_malloc.dylib
0x00007fff6ca5e000 	/usr/lib/system/libsystem_networkextension.dylib
0x00007fff6ca6c000 	/usr/lib/system/libsystem_notify.dylib
0x00007fff6ca8a000 	/usr/lib/system/libsystem_sandbox.dylib
0x00007fff6ca8f000 	/usr/lib/system/libsystem_secinit.dylib
0x00007fff6c9c1000 	/usr/lib/system/libsystem_kernel.dylib
0x00007fff6ca76000 	/usr/lib/system/libsystem_platform.dylib
0x00007fff6ca7f000 	/usr/lib/system/libsystem_pthread.dylib
0x00007fff6ca92000 	/usr/lib/system/libsystem_symptoms.dylib
0x00007fff6ca9a000 	/usr/lib/system/libsystem_trace.dylib
0x00007fff6cab2000 	/usr/lib/system/libunwind.dylib
0x00007fff6cab8000 	/usr/lib/system/libxpc.dylib
0x00007fff69b9f000 	/usr/lib/libc++abi.dylib
0x00007fff6a9a3000 	/usr/lib/liblzma.5.dylib
0x00007fff6a61e000 	/usr/lib/libfakelink.dylib
0x00007fff69958000 	/usr/lib/libarchive.2.dylib
0x00007fff401fb000 	/System/Library/Frameworks/SystemConfiguration.framework/Versions/A/SystemConfiguration
0x00007fff692c3000 	/usr/lib/libCRFSuite.dylib
0x00007fff31074000 	/System/Library/Frameworks/CFNetwork.framework/Versions/A/CFNetwork
0x00007fff69b2e000 	/usr/lib/libbsm.0.dylib
0x00007fff6c89e000 	/usr/lib/system/libkxld.dylib
0x00007fff46117000 	/System/Library/PrivateFrameworks/AppleFSCompression.framework/Versions/A/AppleFSCompression
0x00007fff69eb9000 	/usr/lib/libcoretls.dylib
0x00007fff69ed0000 	/usr/lib/libcoretls_cfhelpers.dylib
0x00007fff6b70c000 	/usr/lib/libpam.2.dylib
0x00007fff6b841000 	/usr/lib/libsqlite3.dylib
0x00007fff6bc80000 	/usr/lib/libxar.1.dylib
0x00007fff69b3f000 	/usr/lib/libbz2.1.0.dylib
0x00007fff6a63f000 	/usr/lib/libiconv.2.dylib
0x00007fff69bb5000 	/usr/lib/libcharset.1.dylib
0x00007fff6b1a9000 	/usr/lib/libnetwork.dylib
0x00007fff6b713000 	/usr/lib/libpcap.A.dylib
0x00007fff6990d000 	/usr/lib/libapple_nghttp2.dylib
0x00007fff33fa0000 	/System/Library/Frameworks/CoreServices.framework/Versions/A/Frameworks/FSEvents.framework/Versions/A/FSEvents
0x00007fff33c70000 	/System/Library/Frameworks/CoreServices.framework/Versions/A/Frameworks/CarbonCore.framework/Versions/A/CarbonCore
0x00007fff341e4000 	/System/Library/Frameworks/CoreServices.framework/Versions/A/Frameworks/Metadata.framework/Versions/A/Metadata
0x00007fff3427d000 	/System/Library/Frameworks/CoreServices.framework/Versions/A/Frameworks/OSServices.framework/Versions/A/OSServices
0x00007fff342ab000 	/System/Library/Frameworks/CoreServices.framework/Versions/A/Frameworks/SearchKit.framework/Versions/A/SearchKit
0x00007fff33bea000 	/System/Library/Frameworks/CoreServices.framework/Versions/A/Frameworks/AE.framework/Versions/A/AE
0x00007fff33fa9000 	/System/Library/Frameworks/CoreServices.framework/Versions/A/Frameworks/LaunchServices.framework/Versions/A/LaunchServices
0x00007fff33f52000 	/System/Library/Frameworks/CoreServices.framework/Versions/A/Frameworks/DictionaryServices.framework/Versions/A/DictionaryServices
0x00007fff34313000 	/System/Library/Frameworks/CoreServices.framework/Versions/A/Frameworks/SharedFileList.framework/Versions/A/SharedFileList
0x00007fff3919a000 	/System/Library/Frameworks/NetFS.framework/Versions/A/NetFS
0x00007fff59e3c000 	/System/Library/PrivateFrameworks/NetAuth.framework/Versions/A/NetAuth
0x00007fff667a3000 	/System/Library/PrivateFrameworks/login.framework/Versions/A/Frameworks/loginsupport.framework/Versions/A/loginsupport
0x00007fff630c1000 	/System/Library/PrivateFrameworks/TCC.framework/Versions/A/TCC
0x00007fff4ad3c000 	/System/Library/PrivateFrameworks/CoreNLP.framework/Versions/A/CoreNLP
0x00007fff59339000 	/System/Library/PrivateFrameworks/MetadataUtilities.framework/Versions/A/MetadataUtilities
0x00007fff6aa7b000 	/usr/lib/libmecabra.dylib
0x00007fff6a9d3000 	/usr/lib/libmecab.dylib
0x00007fff6a62f000 	/usr/lib/libgermantok.dylib
0x00007fff698f4000 	/usr/lib/libThaiTokenizer.dylib
0x00007fff692fa000 	/usr/lib/libChineseTokenizer.dylib
0x00007fff2e4a5000 	/System/Library/Frameworks/Accelerate.framework/Versions/A/Frameworks/vImage.framework/Versions/A/vImage
0x00007fff2f90f000 	/System/Library/Frameworks/Accelerate.framework/Versions/A/Frameworks/vecLib.framework/Versions/A/vecLib
0x00007fff2f84c000 	/System/Library/Frameworks/Accelerate.framework/Versions/A/Frameworks/vecLib.framework/Versions/A/libvMisc.dylib
0x00007fff2f674000 	/System/Library/Frameworks/Accelerate.framework/Versions/A/Frameworks/vecLib.framework/Versions/A/libvDSP.dylib
0x00007fff2eafc000 	/System/Library/Frameworks/Accelerate.framework/Versions/A/Frameworks/vecLib.framework/Versions/A/libBLAS.dylib
0x00007fff2f238000 	/System/Library/Frameworks/Accelerate.framework/Versions/A/Frameworks/vecLib.framework/Versions/A/libLAPACK.dylib
0x00007fff2f5d4000 	/System/Library/Frameworks/Accelerate.framework/Versions/A/Frameworks/vecLib.framework/Versions/A/libLinearAlgebra.dylib
0x00007fff2f661000 	/System/Library/Frameworks/Accelerate.framework/Versions/A/Frameworks/vecLib.framework/Versions/A/libSparseBLAS.dylib
0x00007fff2f5ea000 	/System/Library/Frameworks/Accelerate.framework/Versions/A/Frameworks/vecLib.framework/Versions/A/libQuadrature.dylib
0x00007fff2ed64000 	/System/Library/Frameworks/Accelerate.framework/Versions/A/Frameworks/vecLib.framework/Versions/A/libBNNS.dylib
0x00007fff2f5f0000 	/System/Library/Frameworks/Accelerate.framework/Versions/A/Frameworks/vecLib.framework/Versions/A/libSparse.dylib
0x00007fff57eaf000 	/System/Library/PrivateFrameworks/LanguageModeling.framework/Versions/A/LanguageModeling
0x00007fff4a6ec000 	/System/Library/PrivateFrameworks/CoreEmoji.framework/Versions/A/CoreEmoji
0x00007fff57fcd000 	/System/Library/PrivateFrameworks/LinguisticData.framework/Versions/A/LinguisticData
0x00007fff57f7e000 	/System/Library/PrivateFrameworks/Lexicon.framework/Versions/A/Lexicon
0x00007fff69bb6000 	/usr/lib/libcmph.dylib
0x00007fff3bd88000 	/System/Library/Frameworks/OpenDirectory.framework/Versions/A/Frameworks/CFOpenDirectory.framework/Versions/A/CFOpenDirectory
0x00007fff3bda5000 	/System/Library/Frameworks/OpenDirectory.framework/Versions/A/OpenDirectory
0x00007fff441ca000 	/System/Library/PrivateFrameworks/APFS.framework/Versions/A/APFS
0x00007fff3f494000 	/System/Library/Frameworks/SecurityFoundation.framework/Versions/A/SecurityFoundation
0x00007fff6bc7c000 	/usr/lib/libutil.dylib
0x00007fff4bc21000 	/System/Library/PrivateFrameworks/CoreServicesStore.framework/Versions/A/CoreServicesStore
0x00007fff3f54b000 	/System/Library/Frameworks/ServiceManagement.framework/Versions/A/ServiceManagement
0x00007fff478e6000 	/System/Library/PrivateFrameworks/BackgroundTaskManagement.framework/Versions/A/BackgroundTaskManagement
0x00007fff6bd79000 	/usr/lib/libxslt.1.dylib
0x00007fff4678a000 	/System/Library/PrivateFrameworks/AppleSystemInfo.framework/Versions/A/AppleSystemInfo
0x00007fff35946000 	/System/Library/Frameworks/ImageIO.framework/Versions/A/Resources/libJPEG.dylib
0x00007fff35c02000 	/System/Library/Frameworks/ImageIO.framework/Versions/A/Resources/libTIFF.dylib
0x00007fff35be5000 	/System/Library/Frameworks/ImageIO.framework/Versions/A/Resources/libPng.dylib
0x00007fff35888000 	/System/Library/Frameworks/ImageIO.framework/Versions/A/Resources/libGIF.dylib
0x00007fff3588c000 	/System/Library/Frameworks/ImageIO.framework/Versions/A/Resources/libJP2.dylib
0x00007fff35c00000 	/System/Library/Frameworks/ImageIO.framework/Versions/A/Resources/libRadiance.dylib
0x00007fff6a5f8000 	/usr/lib/libexpat.1.dylib
0x00007fff46272000 	/System/Library/PrivateFrameworks/AppleJPEG.framework/Versions/A/AppleJPEG
0x00007fff4ef20000 	/System/Library/PrivateFrameworks/FontServices.framework/libFontParser.dylib
0x00007fff657a8000 	/System/Library/PrivateFrameworks/WatchdogClient.framework/Versions/A/WatchdogClient
0x00007fff5750a000 	/System/Library/PrivateFrameworks/IOAccelerator.framework/Versions/A/IOAccelerator
0x00007fff38112000 	/System/Library/Frameworks/MetalPerformanceShaders.framework/Versions/A/MetalPerformanceShaders
0x00007fff53ca1000 	/System/Library/PrivateFrameworks/GPUWrangler.framework/Versions/A/GPUWrangler
0x00007fff5751f000 	/System/Library/PrivateFrameworks/IOPresentment.framework/Versions/A/IOPresentment
0x00007fff4c79e000 	/System/Library/PrivateFrameworks/DSExternalDisplay.framework/Versions/A/DSExternalDisplay
0x00007fff3c719000 	/System/Library/Frameworks/OpenGL.framework/Versions/A/Libraries/libCoreFSCache.dylib
0x00007fff37e5e000 	/System/Library/Frameworks/MetalPerformanceShaders.framework/Frameworks/MPSCore.framework/Versions/A/MPSCore
0x00007fff37e9c000 	/System/Library/Frameworks/MetalPerformanceShaders.framework/Frameworks/MPSImage.framework/Versions/A/MPSImage
0x00007fff37f63000 	/System/Library/Frameworks/MetalPerformanceShaders.framework/Frameworks/MPSNeuralNetwork.framework/Versions/A/MPSNeuralNetwork
0x00007fff37f27000 	/System/Library/Frameworks/MetalPerformanceShaders.framework/Frameworks/MPSMatrix.framework/Versions/A/MPSMatrix
0x00007fff380c2000 	/System/Library/Frameworks/MetalPerformanceShaders.framework/Frameworks/MPSRayIntersector.framework/Versions/A/MPSRayIntersector
0x00007fff37f4d000 	/System/Library/Frameworks/MetalPerformanceShaders.framework/Frameworks/MPSNDArray.framework/Versions/A/MPSNDArray
0x00007fff59386000 	/System/Library/PrivateFrameworks/MetalTools.framework/Versions/A/MetalTools
0x00007fff4539f000 	/System/Library/PrivateFrameworks/AggregateDictionary.framework/Versions/A/AggregateDictionary
0x00007fff4a136000 	/System/Library/PrivateFrameworks/CoreAnalytics.framework/Versions/A/CoreAnalytics
0x00007fff466a9000 	/System/Library/PrivateFrameworks/AppleSauce.framework/Versions/A/AppleSauce
0x00007fff695b6000 	/usr/lib/libIOReport.dylib
0x00007fff34814000 	/System/Library/Frameworks/CoreVideo.framework/Versions/A/CoreVideo
0x00007fff5511b000 	/System/Library/PrivateFrameworks/GraphVisualizer.framework/Versions/A/GraphVisualizer
0x00007fff4e467000 	/System/Library/PrivateFrameworks/FaceCore.framework/Versions/A/FaceCore
0x00007fff3bd2f000 	/System/Library/Frameworks/OpenCL.framework/Versions/A/OpenCL
0x00007fff693d8000 	/usr/lib/libFosl_dynamic.dylib
0x00007fff5a85c000 	/System/Library/PrivateFrameworks/OTSVG.framework/Versions/A/OTSVG
0x00007fff309ce000 	/System/Library/Frameworks/ApplicationServices.framework/Versions/A/Frameworks/ATS.framework/Versions/A/Resources/libFontRegistry.dylib
0x00007fff4f0f2000 	/System/Library/PrivateFrameworks/FontServices.framework/libhvf.dylib
0x00007fff3c724000 	/System/Library/Frameworks/OpenGL.framework/Versions/A/Libraries/libGFXShared.dylib
0x00007fff3c902000 	/System/Library/Frameworks/OpenGL.framework/Versions/A/Libraries/libGLU.dylib
0x00007fff3c72d000 	/System/Library/Frameworks/OpenGL.framework/Versions/A/Libraries/libGL.dylib
0x00007fff3c738000 	/System/Library/Frameworks/OpenGL.framework/Versions/A/Libraries/libGLImage.dylib
0x00007fff3c716000 	/System/Library/Frameworks/OpenGL.framework/Versions/A/Libraries/libCVMSPluginSupport.dylib
0x00007fff3c71f000 	/System/Library/Frameworks/OpenGL.framework/Versions/A/Libraries/libCoreVMClient.dylib
0x00007fff6b04a000 	/usr/lib/libncurses.5.4.dylib
0x00007fff308ca000 	/System/Library/Frameworks/ApplicationServices.framework/Versions/A/Frameworks/ATS.framework/Versions/A/ATS
0x00007fff30a97000 	/System/Library/Frameworks/ApplicationServices.framework/Versions/A/Frameworks/ColorSyncLegacy.framework/Versions/A/ColorSyncLegacy
0x00007fff30b35000 	/System/Library/Frameworks/ApplicationServices.framework/Versions/A/Frameworks/HIServices.framework/Versions/A/HIServices
0x00007fff30b8d000 	/System/Library/Frameworks/ApplicationServices.framework/Versions/A/Frameworks/LangAnalysis.framework/Versions/A/LangAnalysis
0x00007fff30b9c000 	/System/Library/Frameworks/ApplicationServices.framework/Versions/A/Frameworks/PrintCore.framework/Versions/A/PrintCore
0x00007fff30be2000 	/System/Library/Frameworks/ApplicationServices.framework/Versions/A/Frameworks/QD.framework/Versions/A/QD
0x00007fff30bed000 	/System/Library/Frameworks/ApplicationServices.framework/Versions/A/Frameworks/SpeechSynthesis.framework/Versions/A/SpeechSynthesis
0x00007fff30a67000 	/System/Library/Frameworks/ApplicationServices.framework/Versions/A/Frameworks/ATSUI.framework/Versions/A/ATSUI
0x00007fff6a48e000 	/usr/lib/libcups.2.dylib
0x00007fff371ad000 	/System/Library/Frameworks/Kerberos.framework/Versions/A/Kerberos
0x00007fff352ee000 	/System/Library/Frameworks/GSS.framework/Versions/A/GSS
0x00007fff6b7cd000 	/usr/lib/libresolv.9.dylib
0x00007fff552c8000 	/System/Library/PrivateFrameworks/Heimdal.framework/Versions/A/Heimdal
0x00007fff371c0000 	/System/Library/Frameworks/Kerberos.framework/Versions/A/Libraries/libHeimdalProxy.dylib
0x00007fff6a635000 	/usr/lib/libheimdal-asn1.dylib
0x00007fff495d1000 	/System/Library/PrivateFrameworks/CommonAuth.framework/Versions/A/CommonAuth
0x00007fff46827000 	/System/Library/PrivateFrameworks/AssertionServices.framework/Versions/A/AssertionServices
0x00007fff473c9000 	/System/Library/PrivateFrameworks/AudioToolboxCore.framework/Versions/A/AudioToolboxCore
0x00007fff66453000 	/System/Library/PrivateFrameworks/caulk.framework/Versions/A/caulk
0x00007fff47992000 	/System/Library/PrivateFrameworks/BaseBoard.framework/Versions/A/BaseBoard
0x00007fff5eab3000 	/System/Library/PrivateFrameworks/RunningBoardServices.framework/Versions/A/RunningBoardServices
0x00007fff5bac7000 	/System/Library/PrivateFrameworks/PersistentConnection.framework/Versions/A/PersistentConnection
0x00007fff5e4ad000 	/System/Library/PrivateFrameworks/ProtocolBuffer.framework/Versions/A/ProtocolBuffer
0x00007fff495f5000 	/System/Library/PrivateFrameworks/CommonUtilities.framework/Versions/A/CommonUtilities
0x00007fff47b20000 	/System/Library/PrivateFrameworks/Bom.framework/Versions/A/Bom
0x00007fff69289000 	/usr/lib/libAudioToolboxUtility.dylib
0x00007fff478f0000 	/System/Library/PrivateFrameworks/Backup.framework/Versions/A/Backup
0x00007fff4c6bf000 	/System/Library/PrivateFrameworks/CrashReporterSupport.framework/Versions/A/CrashReporterSupport
0x00007fff60544000 	/System/Library/PrivateFrameworks/Sharing.framework/Versions/A/Sharing
0x00007fff45e35000 	/System/Library/PrivateFrameworks/Apple80211.framework/Versions/A/Apple80211
0x00007fff4760d000 	/System/Library/PrivateFrameworks/AuthKit.framework/Versions/A/AuthKit
0x00007fff4c3cf000 	/System/Library/PrivateFrameworks/CoreUtils.framework/Versions/A/CoreUtils
0x00007fff34859000 	/System/Library/Frameworks/CoreWLAN.framework/Versions/A/CoreWLAN
0x00007fff3547b000 	/System/Library/Frameworks/IOBluetooth.framework/Versions/A/IOBluetooth
0x00007fff5968b000 	/System/Library/PrivateFrameworks/MobileKeyBag.framework/Versions/A/MobileKeyBag
0x00007fff4b1d4000 	/System/Library/PrivateFrameworks/CorePhoneNumbers.framework/Versions/A/CorePhoneNumbers
0x00007fff46225000 	/System/Library/PrivateFrameworks/AppleIDAuthSupport.framework/Versions/A/AppleIDAuthSupport
0x00007fff391a7000 	/System/Library/Frameworks/Network.framework/Versions/A/Network
0x00007fff57d5b000 	/System/Library/PrivateFrameworks/KeychainCircle.framework/Versions/A/KeychainCircle
0x00007fff322ad000 	/System/Library/Frameworks/CoreBluetooth.framework/Versions/A/CoreBluetooth
0x00007fff625c1000 	/System/Library/PrivateFrameworks/SpeechRecognitionCore.framework/Versions/A/SpeechRecognitionCore
0x0000000103800000 	/Applications/IntelliJ IDEA.app/Contents/jbr/Contents/Home/lib/server/libjvm.dylib
0x000000010267d000 	/Applications/IntelliJ IDEA.app/Contents/jbr/Contents/Home/lib/libverify.dylib
0x000000010268e000 	/Applications/IntelliJ IDEA.app/Contents/jbr/Contents/Home/lib/libjava.dylib
0x000000010270b000 	/Applications/IntelliJ IDEA.app/Contents/jbr/Contents/Home/lib/libzip.dylib
0x0000000102718000 	/Applications/IntelliJ IDEA.app/Contents/jbr/Contents/Home/lib/libjimage.dylib
0x00000001027c4000 	/Applications/IntelliJ IDEA.app/Contents/jbr/Contents/Home/lib/libnio.dylib
0x00000001027d7000 	/Applications/IntelliJ IDEA.app/Contents/jbr/Contents/Home/lib/libnet.dylib
0x000000010f9a2000 	/Applications/IntelliJ IDEA.app/Contents/jbr/Contents/Home/lib/libprism_es2.dylib
0x00007fff4bbed000 	/System/Library/PrivateFrameworks/CoreServicesInternal.framework/Versions/A/CoreServicesInternal
0x00007fff3d38a000 	/System/Library/Frameworks/OpenGL.framework/Versions/A/Resources/GLEngine.bundle/GLEngine
0x00007fff3c76d000 	/System/Library/Frameworks/OpenGL.framework/Versions/A/Libraries/libGLProgrammability.dylib
0x00007fff2a1fe000 	/System/Library/Extensions/AppleIntelKBLGraphicsGLDriver.bundle/Contents/MacOS/AppleIntelKBLGraphicsGLDriver
0x00007fff53c95000 	/System/Library/PrivateFrameworks/GPUSupport.framework/Versions/A/Libraries/libGPUSupportMercury.dylib
0x00007fff3d504000 	/System/Library/Frameworks/OpenGL.framework/Versions/A/Resources/GLRendererFloat.bundle/GLRendererFloat
0x00007fff3bd26000 	/System/Library/Frameworks/OpenCL.framework/Versions/A/Libraries/libcldcpuengine.dylib
0x000000010fe7d000 	/Applications/IntelliJ IDEA.app/Contents/jbr/Contents/Home/lib/libglass.dylib
0x00007fff34d76000 	/System/Library/Frameworks/FileProvider.framework/Versions/A/FileProvider
0x00007fff2f910000 	/System/Library/Frameworks/Accounts.framework/Versions/A/Accounts
0x00007fff53fc6000 	/System/Library/PrivateFrameworks/GenerationalStorage.framework/Versions/A/GenerationalStorage
0x00007fff4c174000 	/System/Library/PrivateFrameworks/CoreSymbolication.framework/Versions/A/CoreSymbolication
0x00007fff62e01000 	/System/Library/PrivateFrameworks/SymptomDiagnosticReporter.framework/Versions/A/SymptomDiagnosticReporter
0x00007fff4593a000 	/System/Library/PrivateFrameworks/AppContainer.framework/Versions/A/AppContainer
0x00007fff6b7e7000 	/usr/lib/libsandbox.1.dylib
0x00007fff6474c000 	/System/Library/PrivateFrameworks/UserManagement.framework/Versions/A/UserManagement
0x00007fff486db000 	/System/Library/PrivateFrameworks/ChunkingLibrary.framework/Versions/A/ChunkingLibrary
0x00007fff4c8f3000 	/System/Library/PrivateFrameworks/DebugSymbols.framework/Versions/A/DebugSymbols
0x00007fff459ac000 	/System/Library/PrivateFrameworks/AppSandbox.framework/Versions/A/AppSandbox
0x00007fff603ce000 	/System/Library/PrivateFrameworks/SecCodeWrapper.framework/Versions/A/SecCodeWrapper
0x00007fff6969e000 	/usr/lib/libMatch.1.dylib
0x00007fff258f4000 	/System/Library/CoreServices/RawCamera.bundle/Contents/MacOS/RawCamera
0x00007fff594b5000 	/System/Library/PrivateFrameworks/MobileAsset.framework/Versions/A/MobileAsset
0x00007fff62ca9000 	/System/Library/PrivateFrameworks/StreamingZip.framework/Versions/A/StreamingZip
0x00007fff37628000 	/System/Library/Frameworks/MediaToolbox.framework/Versions/A/MediaToolbox
0x00007fff4a0e6000 	/System/Library/PrivateFrameworks/CoreAVCHD.framework/Versions/A/CoreAVCHD
0x00007fff37552000 	/System/Library/Frameworks/MediaAccessibility.framework/Versions/A/MediaAccessibility
0x00007fff5886a000 	/System/Library/PrivateFrameworks/Mangrove.framework/Versions/A/Mangrove
0x00007fff33a21000 	/System/Library/Frameworks/CoreMedia.framework/Versions/A/CoreMedia
0x00007fff58ad6000 	/System/Library/PrivateFrameworks/MediaExperience.framework/Versions/A/MediaExperience
0x00007fff404e8000 	/System/Library/Frameworks/VideoToolbox.framework/Versions/A/VideoToolbox
0x00007fff49d10000 	/System/Library/PrivateFrameworks/CoreAUC.framework/Versions/A/CoreAUC
0x00007fff6b83f000 	/usr/lib/libspindump.dylib
0x00007fff46d78000 	/System/Library/PrivateFrameworks/AudioResourceArbitration.framework/Versions/A/AudioResourceArbitration
0x00007fff4678e000 	/System/Library/PrivateFrameworks/AppleVA.framework/Versions/A/AppleVA
0x00007fff2e48e000 	/System/Library/Frameworks/Accelerate.framework/Versions/A/Frameworks/vImage.framework/Versions/A/Libraries/libCGInterfaces.dylib
0x00000001104ca000 	/usr/lib/libobjc-trampolines.dylib
0x00007fff65518000 	/System/Library/PrivateFrameworks/ViewBridge.framework/Versions/A/ViewBridge
0x00007fff667a6000 	/System/Library/PrivateFrameworks/login.framework/Versions/A/login
0x00007fff4f059000 	/System/Library/PrivateFrameworks/FontServices.framework/libTrueTypeScaler.dylib
0x00007fff2b206000 	/System/Library/Extensions/AppleIntelKBLGraphicsMTLDriver.bundle/Contents/MacOS/AppleIntelKBLGraphicsMTLDriver
0x00007fff525e3000 	/System/Library/PrivateFrameworks/GPUCompiler.framework/Versions/3902/Libraries/libmetal_timestamp.dylib
0x0000000124d99000 	/Applications/IntelliJ IDEA.app/Contents/jbr/Contents/Home/lib/libjavafx_font.dylib
0x0000000124da8000 	/Applications/IntelliJ IDEA.app/Contents/jbr/Contents/Home/lib/libawt.dylib
0x0000000124e48000 	/Applications/IntelliJ IDEA.app/Contents/jbr/Contents/Home/lib/libmlib_image.dylib
0x00007fff37197000 	/System/Library/Frameworks/JavaVM.framework/Versions/A/Frameworks/JavaNativeFoundation.framework/Versions/A/JavaNativeFoundation
0x00007fff371a0000 	/System/Library/Frameworks/JavaVM.framework/Versions/A/Frameworks/JavaRuntimeSupport.framework/Versions/A/JavaRuntimeSupport
0x00007fff371a8000 	/System/Library/Frameworks/JavaVM.framework/Versions/A/JavaVM
0x00007fff57b72000 	/System/Library/PrivateFrameworks/JavaLaunching.framework/Versions/A/JavaLaunching
0x00007fff3147e000 	/System/Library/Frameworks/Carbon.framework/Versions/A/Carbon
0x00007fff3147f000 	/System/Library/Frameworks/Carbon.framework/Versions/A/Frameworks/CommonPanels.framework/Versions/A/CommonPanels
0x00007fff31778000 	/System/Library/Frameworks/Carbon.framework/Versions/A/Frameworks/Help.framework/Versions/A/Help
0x00007fff3177c000 	/System/Library/Frameworks/Carbon.framework/Versions/A/Frameworks/ImageCapture.framework/Versions/A/ImageCapture
0x00007fff31783000 	/System/Library/Frameworks/Carbon.framework/Versions/A/Frameworks/OpenScripting.framework/Versions/A/OpenScripting
0x00007fff31782000 	/System/Library/Frameworks/Carbon.framework/Versions/A/Frameworks/Ink.framework/Versions/A/Ink
0x00007fff317be000 	/System/Library/Frameworks/Carbon.framework/Versions/A/Frameworks/Print.framework/Versions/A/Print
0x00007fff317bf000 	/System/Library/Frameworks/Carbon.framework/Versions/A/Frameworks/SecurityHI.framework/Versions/A/SecurityHI
0x0000000124eb4000 	/Applications/IntelliJ IDEA.app/Contents/jbr/Contents/Home/lib/libawt_lwawt.dylib
0x0000000124f8d000 	/Applications/IntelliJ IDEA.app/Contents/jbr/Contents/Home/lib/libosxapp.dylib
0x00007fff34d57000 	/System/Library/Frameworks/ExceptionHandling.framework/Versions/A/ExceptionHandling
0x0000000124fb4000 	/Applications/IntelliJ IDEA.app/Contents/jbr/Contents/Home/lib/libfontmanager.dylib
0x00000001250b1000 	/Applications/IntelliJ IDEA.app/Contents/jbr/Contents/Home/lib/libfreetype.dylib
0x00007fff62e7b000 	/System/Library/PrivateFrameworks/SystemAdministration.framework/Versions/A/SystemAdministration
0x00007fff4ce1f000 	/System/Library/PrivateFrameworks/DiskManagement.framework/Versions/A/DiskManagement
0x00007fff34aa2000 	/System/Library/Frameworks/DirectoryService.framework/Versions/A/DirectoryService
0x00007fff4cd56000 	/System/Library/PrivateFrameworks/DiskImages.framework/Versions/A/DiskImages
0x00007fff58076000 	/System/Library/PrivateFrameworks/LoginUIKit.framework/Versions/A/Frameworks/LoginUICore.framework/Versions/A/LoginUICore
0x00007fff69305000 	/usr/lib/libCoreStorage.dylib
0x00007fff6a47b000 	/usr/lib/libcsfde.dylib
0x00007fff6b6fa000 	/usr/lib/libodfde.dylib
0x00007fff58b61000 	/System/Library/PrivateFrameworks/MediaKit.framework/Versions/A/MediaKit
0x00007fff34aae000 	/System/Library/Frameworks/DiscRecording.framework/Versions/A/DiscRecording
0x00007fff4cfd5000 	/System/Library/PrivateFrameworks/EFILogin.framework/Versions/A/EFILogin
0x00007fff5e452000 	/System/Library/PrivateFrameworks/ProtectedCloudStorage.framework/Versions/A/ProtectedCloudStorage
0x00007fff6a4ef000 	/usr/lib/libcurl.4.dylib
0x00007fff6a374000 	/usr/lib/libcrypto.44.dylib
0x00007fff6bb1f000 	/usr/lib/libssl.46.dylib
0x00007fff371c1000 	/System/Library/Frameworks/LDAP.framework/Versions/A/LDAP
0x00007fff63848000 	/System/Library/PrivateFrameworks/TrustEvaluationAgent.framework/Versions/A/TrustEvaluationAgent
0x00007fff6b82c000 	/usr/lib/libsasl2.2.dylib
0x00007fff4a460000 	/System/Library/PrivateFrameworks/CoreDaemon.framework/Versions/B/CoreDaemon
0x00007fff466a4000 	/System/Library/PrivateFrameworks/AppleSRP.framework/Versions/A/AppleSRP
0x0000000123c6b000 	/Applications/IntelliJ IDEA.app/Contents/jbr/Contents/Home/lib/libextnet.dylib
0x00000001305ae000 	/Applications/IntelliJ IDEA.app/Contents/jbr/Contents/Home/lib/libsunec.dylib
0x0000000129993000 	/Applications/IntelliJ IDEA.app/Contents/jbr/Contents/Home/lib/libosxui.dylib


VM Arguments:
jvm_args: -Dfile.encoding=UTF-8 -Duser.country=GB -Duser.language=en -Duser.variant 
java_command: main.UI
java_class_path (initial): /Users/laura/IdeaProjects/RMSApp/build/classes/java/main:/Users/laura/IdeaProjects/RMSApp/build/resources/main:/Users/laura/.gradle/caches/modules-2/files-2.1/mysql/mysql-connector-java/8.0.18/e088efaa4b568bc7d9f7274b9c5ea1a00da1a45c/mysql-connector-java-8.0.18.jar:/Users/laura/.gradle/caches/modules-2/files-2.1/org.jfxtras/jfxtras-all/10.0-r1/4f54690e840dfcef4d0f94fff05a1a69326e3aa1/jfxtras-all-10.0-r1.jar:/Users/laura/.gradle/caches/modules-2/files-2.1/org.jfxtras/jfxtras-icalendaragenda/10.0-r1/a45a9946b7e3d6e263a74f8ea8cb1fe31563e012/jfxtras-icalendaragenda-10.0-r1.jar:/Users/laura/.gradle/caches/modules-2/files-2.1/org.jfxtras/jfxtras-icalendarfx/10.0-r1/faa0fef4e17ad5be025322b48b9930af93678495/jfxtras-icalendarfx-10.0-r1.jar:/Users/laura/.gradle/caches/modules-2/files-2.1/org.jfxtras/jfxtras-agenda/10.0-r1/c7d9aeff12b53425be1471cd3d94a780c4a3c6f7/jfxtras-agenda-10.0-r1.jar:/Users/laura/.gradle/caches/modules-2/files-2.1/com.google.protobuf/protobuf-java/3.6.1/d06d46ecfd92ec6d0f3b423b4cd81cb38d8b924/protobuf-java-3.6.1.jar:/Users/laura/.gradle/caches/modules-2/files-2.1/org.jfxtras/jfxtras-controls/10.0-r1/ad14d8983c47e270cfc275ac8516940853ab76dd/jfxtras-controls-10.0-r1.jar:/Users/laura/.gradle/caches/modules-2/files-2.1/org.jfxtras/jfxtras-gauge-linear/10.0-r1/6749a65249440e8fe02e87f6c57862bf4aa662cf/jfxtras-gauge-linear-10.0-r1.jar:/Users/laura/.gradle/caches/modules-2/files-2.1/org.jfxtras/jfxtras-menu/10.0-r1/4360f457f82e9b49518dfc15d7c762f666d7196/jfxtras-menu-10.0-r1.jar:/Users/laura/.gradle/caches/modules-2/files-2.1/org.jfxtras/jfxtras-common/10.0-r1/71692ccd76b0448bb22b2b0f282576dc3e261e46/jfxtras-common-10.0-r1.jar:/Users/laura/.gradle/caches/modules-2/files-2.1/org.jfxtras/jfxtras-font-roboto/10.0-r1/bb3d18b995a086aa4ec521d731c4d40789474437/jfxtras-font-roboto-10.0-r1.jar:/Users/laura/.gradle/caches/modules-2/files-2.1/org.jfxtras/jfxtras-fxml/10.0-r1/78cdd174afae570fd0d567db1223f8afa5a51c47/jfxtras-fxml-10.0-r1.jar
Launcher Type: SUN_STANDARD

[Global flags]
     intx CICompilerCount                          = 4                                         {product} {ergonomic}
     uint ConcGCThreads                            = 2                                         {product} {ergonomic}
     uint G1ConcRefinementThreads                  = 8                                         {product} {ergonomic}
   size_t G1HeapRegionSize                         = 1048576                                   {product} {ergonomic}
    uintx GCDrainStackTargetSize                   = 64                                        {product} {ergonomic}
   size_t InitialHeapSize                          = 134217728                                 {product} {ergonomic}
   size_t MarkStackSize                            = 4194304                                   {product} {ergonomic}
   size_t MaxHeapSize                              = 2147483648                                {product} {ergonomic}
   size_t MaxNewSize                               = 1287651328                                {product} {ergonomic}
   size_t MinHeapDeltaBytes                        = 1048576                                   {product} {ergonomic}
    uintx NonNMethodCodeHeapSize                   = 5835340                                {pd product} {ergonomic}
    uintx NonProfiledCodeHeapSize                  = 122911450                              {pd product} {ergonomic}
    uintx ProfiledCodeHeapSize                     = 122911450                              {pd product} {ergonomic}
    uintx ReservedCodeCacheSize                    = 251658240                              {pd product} {ergonomic}
     bool SegmentedCodeCache                       = true                                      {product} {ergonomic}
     bool UseCompressedClassPointers               = true                                 {lp64_product} {ergonomic}
     bool UseCompressedOops                        = true                                 {lp64_product} {ergonomic}
     bool UseG1GC                                  = true                                      {product} {ergonomic}

Logging:
Log output configuration:
 #0: stdout all=warning uptime,level,tags
 #1: stderr all=off uptime,level,tags

Environment Variables:
PATH=/usr/local/bin:/usr/bin:/bin:/usr/sbin:/sbin:/usr/local/share/dotnet:~/.dotnet/tools:/Library/Apple/usr/bin:/Library/Frameworks/Mono.framework/Versions/Current/Commands:/Applications/Xamarin Workbooks.app/Contents/SharedSupport/path-bin
SHELL=/bin/bash

Signal Handlers:
SIGSEGV: [libjvm.dylib+0x73dd4a], sa_mask[0]=11111111011111110111111111111111, sa_flags=SA_ONSTACK|SA_RESTART|SA_SIGINFO
SIGBUS: [libjvm.dylib+0x73dd4a], sa_mask[0]=11111111011111110111111111111111, sa_flags=SA_RESTART|SA_SIGINFO
SIGFPE: [libjvm.dylib+0x73dd4a], sa_mask[0]=11111111011111110111111111111111, sa_flags=SA_RESTART|SA_SIGINFO
SIGPIPE: [libjvm.dylib+0x5f04e6], sa_mask[0]=11111111011111110111111111111111, sa_flags=SA_RESTART|SA_SIGINFO
SIGXFSZ: [libjvm.dylib+0x5f04e6], sa_mask[0]=11111111011111110111111111111111, sa_flags=SA_RESTART|SA_SIGINFO
SIGILL: [libjvm.dylib+0x73dd4a], sa_mask[0]=11111111011111110111111111111111, sa_flags=SA_RESTART|SA_SIGINFO
SIGUSR2: [libjvm.dylib+0x5f0acb], sa_mask[0]=00100000000000000000000000000000, sa_flags=SA_RESTART|SA_SIGINFO
SIGHUP: [libjvm.dylib+0x5ef51d], sa_mask[0]=11111111011111110111111111111111, sa_flags=SA_RESTART|SA_SIGINFO
SIGINT: [libjvm.dylib+0x5ef51d], sa_mask[0]=11111111011111110111111111111111, sa_flags=SA_RESTART|SA_SIGINFO
SIGTERM: [libjvm.dylib+0x5ef51d], sa_mask[0]=11111111011111110111111111111111, sa_flags=SA_RESTART|SA_SIGINFO
SIGQUIT: [libjvm.dylib+0x5ef51d], sa_mask[0]=11111111011111110111111111111111, sa_flags=SA_RESTART|SA_SIGINFO


---------------  S Y S T E M  ---------------

OS:uname:Darwin 19.5.0 Darwin Kernel Version 19.5.0: Thu Apr 30 18:25:59 PDT 2020; root:xnu-6153.121.1~7/RELEASE_X86_64 x86_64
rlimit: STACK 8192k, CORE 0k, NPROC 1392, NOFILE 10240, AS infinity, DATA infinity, FSIZE infinity
load average:2.49 2.51 2.61

CPU:total 8 (initial active 8) (4 cores per cpu, 2 threads per core) family 6 model 142 stepping 10, cmov, cx8, fxsr, mmx, sse, sse2, sse3, ssse3, sse4.1, sse4.2, popcnt, avx, avx2, aes, clmul, erms, 3dnowpref, lzcnt, ht, tsc, tscinvbit, bmi1, bmi2, adx, fma

Memory: 4k page, physical 8388608k(422404k free)

vm_info: OpenJDK 64-Bit Server VM (11.0.4+10-b520.11) for bsd-amd64 JRE (11.0.4+10-b520.11), built on Nov 15 2019 17:47:20 by "builduser" with gcc 4.2.1 Compatible Apple LLVM 9.1.0 (clang-902.0.39.2)

END.
